{"/Users/sneha_lall/Desktop/backend-evaluation/database/models/company.js": {"path":"/Users/sneha_lall/Desktop/backend-evaluation/database/models/company.js","statementMap":{"0":{"start":{"line":4,"column":4},"end":{"line":4,"column":24}},"1":{"start":{"line":5,"column":0},"end":{"line":33,"column":2}},"2":{"start":{"line":14,"column":12},"end":{"line":17,"column":15}},"3":{"start":{"line":21,"column":4},"end":{"line":31,"column":7}},"4":{"start":{"line":32,"column":4},"end":{"line":32,"column":19}}},"fnMap":{"0":{"name":"(anonymous_0)","decl":{"start":{"line":5,"column":17},"end":{"line":5,"column":18}},"loc":{"start":{"line":5,"column":43},"end":{"line":33,"column":1}},"line":5},"1":{"name":"(anonymous_1)","decl":{"start":{"line":12,"column":8},"end":{"line":12,"column":9}},"loc":{"start":{"line":12,"column":33},"end":{"line":19,"column":9}},"line":12}},"branchMap":{},"s":{"0":1,"1":1,"2":1,"3":1,"4":1},"f":{"0":1,"1":1},"b":{},"_coverageSchema":"1a1c01bbd47fc00a2c39e90264f33305004495a9","hash":"85e8ea2707af7478f0fd3cde73e6e7254c775786"}
,"/Users/sneha_lall/Desktop/backend-evaluation/database/models/index.js": {"path":"/Users/sneha_lall/Desktop/backend-evaluation/database/models/index.js","statementMap":{"0":{"start":{"line":3,"column":11},"end":{"line":3,"column":24}},"1":{"start":{"line":4,"column":13},"end":{"line":4,"column":28}},"2":{"start":{"line":5,"column":18},"end":{"line":5,"column":38}},"3":{"start":{"line":6,"column":16},"end":{"line":6,"column":34}},"4":{"start":{"line":7,"column":17},"end":{"line":7,"column":42}},"5":{"start":{"line":8,"column":12},"end":{"line":8,"column":49}},"6":{"start":{"line":9,"column":15},"end":{"line":9,"column":65}},"7":{"start":{"line":10,"column":11},"end":{"line":10,"column":13}},"8":{"start":{"line":13,"column":0},"end":{"line":17,"column":1}},"9":{"start":{"line":14,"column":4},"end":{"line":14,"column":76}},"10":{"start":{"line":16,"column":4},"end":{"line":16,"column":89}},"11":{"start":{"line":19,"column":0},"end":{"line":32,"column":7}},"12":{"start":{"line":22,"column":8},"end":{"line":27,"column":10}},"13":{"start":{"line":30,"column":22},"end":{"line":30,"column":89}},"14":{"start":{"line":31,"column":8},"end":{"line":31,"column":31}},"15":{"start":{"line":34,"column":0},"end":{"line":38,"column":3}},"16":{"start":{"line":35,"column":4},"end":{"line":37,"column":5}},"17":{"start":{"line":36,"column":8},"end":{"line":36,"column":36}},"18":{"start":{"line":40,"column":0},"end":{"line":40,"column":25}},"19":{"start":{"line":41,"column":0},"end":{"line":41,"column":25}},"20":{"start":{"line":43,"column":0},"end":{"line":43,"column":20}}},"fnMap":{"0":{"name":"(anonymous_0)","decl":{"start":{"line":21,"column":12},"end":{"line":21,"column":13}},"loc":{"start":{"line":21,"column":20},"end":{"line":28,"column":5}},"line":21},"1":{"name":"(anonymous_1)","decl":{"start":{"line":29,"column":13},"end":{"line":29,"column":14}},"loc":{"start":{"line":29,"column":21},"end":{"line":32,"column":5}},"line":29},"2":{"name":"(anonymous_2)","decl":{"start":{"line":34,"column":24},"end":{"line":34,"column":25}},"loc":{"start":{"line":34,"column":37},"end":{"line":38,"column":1}},"line":34}},"branchMap":{"0":{"loc":{"start":{"line":8,"column":12},"end":{"line":8,"column":49}},"type":"binary-expr","locations":[{"start":{"line":8,"column":12},"end":{"line":8,"column":32}},{"start":{"line":8,"column":36},"end":{"line":8,"column":49}}],"line":8},"1":{"loc":{"start":{"line":13,"column":0},"end":{"line":17,"column":1}},"type":"if","locations":[{"start":{"line":13,"column":0},"end":{"line":17,"column":1}},{"start":{"line":15,"column":7},"end":{"line":17,"column":1}}],"line":13},"2":{"loc":{"start":{"line":23,"column":12},"end":{"line":26,"column":37}},"type":"binary-expr","locations":[{"start":{"line":23,"column":12},"end":{"line":23,"column":35}},{"start":{"line":24,"column":6},"end":{"line":24,"column":23}},{"start":{"line":25,"column":6},"end":{"line":25,"column":30}},{"start":{"line":26,"column":6},"end":{"line":26,"column":37}}],"line":23},"3":{"loc":{"start":{"line":35,"column":4},"end":{"line":37,"column":5}},"type":"if","locations":[{"start":{"line":35,"column":4},"end":{"line":37,"column":5}},{"start":{},"end":{}}],"line":35}},"s":{"0":1,"1":1,"2":1,"3":1,"4":1,"5":1,"6":1,"7":1,"8":1,"9":0,"10":1,"11":1,"12":3,"13":2,"14":2,"15":1,"16":2,"17":2,"18":1,"19":1,"20":1},"f":{"0":3,"1":2,"2":2},"b":{"0":[1,0],"1":[0,1],"2":[3,3,2,2],"3":[2,0]},"_coverageSchema":"1a1c01bbd47fc00a2c39e90264f33305004495a9","hash":"07d124e974d0f21b092a85be92c0ee922f51223a"}
,"/Users/sneha_lall/Desktop/backend-evaluation/database/models/sector.js": {"path":"/Users/sneha_lall/Desktop/backend-evaluation/database/models/sector.js","statementMap":{"0":{"start":{"line":4,"column":4},"end":{"line":4,"column":24}},"1":{"start":{"line":5,"column":0},"end":{"line":27,"column":2}},"2":{"start":{"line":14,"column":12},"end":{"line":17,"column":15}},"3":{"start":{"line":20,"column":4},"end":{"line":25,"column":7}},"4":{"start":{"line":26,"column":4},"end":{"line":26,"column":18}}},"fnMap":{"0":{"name":"(anonymous_0)","decl":{"start":{"line":5,"column":17},"end":{"line":5,"column":18}},"loc":{"start":{"line":5,"column":43},"end":{"line":27,"column":1}},"line":5},"1":{"name":"(anonymous_1)","decl":{"start":{"line":12,"column":8},"end":{"line":12,"column":9}},"loc":{"start":{"line":12,"column":33},"end":{"line":18,"column":9}},"line":12}},"branchMap":{},"s":{"0":1,"1":1,"2":1,"3":1,"4":1},"f":{"0":1,"1":1},"b":{},"_coverageSchema":"1a1c01bbd47fc00a2c39e90264f33305004495a9","hash":"53d5352063646e0a9a4987d265476c7dd164d73d"}
,"/Users/sneha_lall/Desktop/backend-evaluation/src/controllers/company.js": {"path":"/Users/sneha_lall/Desktop/backend-evaluation/src/controllers/company.js","statementMap":{"0":{"start":{"line":1,"column":24},"end":{"line":1,"column":54}},"1":{"start":{"line":3,"column":16},"end":{"line":13,"column":1}},"2":{"start":{"line":4,"column":4},"end":{"line":12,"column":5}},"3":{"start":{"line":5,"column":21},"end":{"line":5,"column":29}},"4":{"start":{"line":6,"column":21},"end":{"line":6,"column":55}},"5":{"start":{"line":7,"column":8},"end":{"line":7,"column":126}},"6":{"start":{"line":7,"column":53},"end":{"line":7,"column":121}},"7":{"start":{"line":9,"column":8},"end":{"line":11,"column":11}},"8":{"start":{"line":32,"column":22},"end":{"line":43,"column":1}},"9":{"start":{"line":33,"column":4},"end":{"line":42,"column":5}},"10":{"start":{"line":34,"column":19},"end":{"line":34,"column":31}},"11":{"start":{"line":35,"column":21},"end":{"line":35,"column":29}},"12":{"start":{"line":36,"column":21},"end":{"line":36,"column":65}},"13":{"start":{"line":37,"column":8},"end":{"line":37,"column":35}},"14":{"start":{"line":39,"column":8},"end":{"line":41,"column":11}},"15":{"start":{"line":45,"column":0},"end":{"line":45,"column":41}}},"fnMap":{"0":{"name":"(anonymous_0)","decl":{"start":{"line":3,"column":16},"end":{"line":3,"column":17}},"loc":{"start":{"line":3,"column":36},"end":{"line":13,"column":1}},"line":3},"1":{"name":"(anonymous_1)","decl":{"start":{"line":7,"column":38},"end":{"line":7,"column":39}},"loc":{"start":{"line":7,"column":51},"end":{"line":7,"column":123}},"line":7},"2":{"name":"(anonymous_2)","decl":{"start":{"line":32,"column":22},"end":{"line":32,"column":23}},"loc":{"start":{"line":32,"column":42},"end":{"line":43,"column":1}},"line":32}},"branchMap":{},"s":{"0":1,"1":1,"2":2,"3":2,"4":2,"5":1,"6":1,"7":1,"8":1,"9":2,"10":2,"11":1,"12":1,"13":1,"14":1,"15":1},"f":{"0":2,"1":1,"2":2},"b":{},"_coverageSchema":"1a1c01bbd47fc00a2c39e90264f33305004495a9","hash":"c738e698c92f5a6b567448764426fb75a86be0a1"}
,"/Users/sneha_lall/Desktop/backend-evaluation/src/middleware/bodyValidation.js": {"path":"/Users/sneha_lall/Desktop/backend-evaluation/src/middleware/bodyValidation.js","statementMap":{"0":{"start":{"line":1,"column":12},"end":{"line":1,"column":26}},"1":{"start":{"line":3,"column":23},"end":{"line":13,"column":1}},"2":{"start":{"line":4,"column":19},"end":{"line":6,"column":6}},"3":{"start":{"line":7,"column":22},"end":{"line":7,"column":47}},"4":{"start":{"line":8,"column":4},"end":{"line":11,"column":5}},"5":{"start":{"line":9,"column":8},"end":{"line":9,"column":57}},"6":{"start":{"line":10,"column":8},"end":{"line":10,"column":15}},"7":{"start":{"line":12,"column":4},"end":{"line":12,"column":11}},"8":{"start":{"line":15,"column":25},"end":{"line":25,"column":1}},"9":{"start":{"line":16,"column":19},"end":{"line":18,"column":6}},"10":{"start":{"line":19,"column":22},"end":{"line":19,"column":48}},"11":{"start":{"line":20,"column":4},"end":{"line":23,"column":5}},"12":{"start":{"line":21,"column":8},"end":{"line":21,"column":57}},"13":{"start":{"line":22,"column":8},"end":{"line":22,"column":15}},"14":{"start":{"line":24,"column":4},"end":{"line":24,"column":11}},"15":{"start":{"line":27,"column":21},"end":{"line":37,"column":1}},"16":{"start":{"line":28,"column":19},"end":{"line":30,"column":6}},"17":{"start":{"line":31,"column":22},"end":{"line":31,"column":48}},"18":{"start":{"line":32,"column":4},"end":{"line":35,"column":5}},"19":{"start":{"line":33,"column":8},"end":{"line":33,"column":57}},"20":{"start":{"line":34,"column":8},"end":{"line":34,"column":15}},"21":{"start":{"line":36,"column":4},"end":{"line":36,"column":11}},"22":{"start":{"line":41,"column":0},"end":{"line":41,"column":64}}},"fnMap":{"0":{"name":"(anonymous_0)","decl":{"start":{"line":3,"column":23},"end":{"line":3,"column":24}},"loc":{"start":{"line":3,"column":43},"end":{"line":13,"column":1}},"line":3},"1":{"name":"(anonymous_1)","decl":{"start":{"line":15,"column":25},"end":{"line":15,"column":26}},"loc":{"start":{"line":15,"column":45},"end":{"line":25,"column":1}},"line":15},"2":{"name":"(anonymous_2)","decl":{"start":{"line":27,"column":21},"end":{"line":27,"column":22}},"loc":{"start":{"line":27,"column":41},"end":{"line":37,"column":1}},"line":27}},"branchMap":{"0":{"loc":{"start":{"line":8,"column":4},"end":{"line":11,"column":5}},"type":"if","locations":[{"start":{"line":8,"column":4},"end":{"line":11,"column":5}},{"start":{},"end":{}}],"line":8},"1":{"loc":{"start":{"line":20,"column":4},"end":{"line":23,"column":5}},"type":"if","locations":[{"start":{"line":20,"column":4},"end":{"line":23,"column":5}},{"start":{},"end":{}}],"line":20},"2":{"loc":{"start":{"line":32,"column":4},"end":{"line":35,"column":5}},"type":"if","locations":[{"start":{"line":32,"column":4},"end":{"line":35,"column":5}},{"start":{},"end":{}}],"line":32}},"s":{"0":1,"1":1,"2":2,"3":2,"4":2,"5":1,"6":1,"7":1,"8":1,"9":2,"10":2,"11":2,"12":1,"13":1,"14":1,"15":1,"16":2,"17":2,"18":2,"19":1,"20":1,"21":1,"22":1},"f":{"0":2,"1":2,"2":2},"b":{"0":[1,1],"1":[1,1],"2":[1,1]},"_coverageSchema":"1a1c01bbd47fc00a2c39e90264f33305004495a9","hash":"969d6dfe6ed85f69ac8fd545cf55a691067fc298"}
,"/Users/sneha_lall/Desktop/backend-evaluation/src/services/company.js": {"path":"/Users/sneha_lall/Desktop/backend-evaluation/src/services/company.js","statementMap":{"0":{"start":{"line":1,"column":14},"end":{"line":1,"column":30}},"1":{"start":{"line":2,"column":28},"end":{"line":2,"column":60}},"2":{"start":{"line":3,"column":17},"end":{"line":3,"column":45}},"3":{"start":{"line":4,"column":20},"end":{"line":4,"column":51}},"4":{"start":{"line":5,"column":23},"end":{"line":5,"column":53}},"5":{"start":{"line":6,"column":22},"end":{"line":6,"column":56}},"6":{"start":{"line":8,"column":16},"end":{"line":54,"column":1}},"7":{"start":{"line":9,"column":16},"end":{"line":9,"column":80}},"8":{"start":{"line":10,"column":18},"end":{"line":10,"column":31}},"9":{"start":{"line":12,"column":4},"end":{"line":27,"column":7}},"10":{"start":{"line":13,"column":8},"end":{"line":15,"column":9}},"11":{"start":{"line":14,"column":12},"end":{"line":14,"column":19}},"12":{"start":{"line":16,"column":21},"end":{"line":16,"column":38}},"13":{"start":{"line":17,"column":28},"end":{"line":17,"column":76}},"14":{"start":{"line":20,"column":24},"end":{"line":25,"column":9}},"15":{"start":{"line":26,"column":8},"end":{"line":26,"column":38}},"16":{"start":{"line":31,"column":4},"end":{"line":52,"column":7}},"17":{"start":{"line":32,"column":8},"end":{"line":33,"column":19}},"18":{"start":{"line":33,"column":12},"end":{"line":33,"column":19}},"19":{"start":{"line":34,"column":21},"end":{"line":34,"column":38}},"20":{"start":{"line":35,"column":27},"end":{"line":35,"column":74}},"21":{"start":{"line":36,"column":23},"end":{"line":38,"column":9}},"22":{"start":{"line":39,"column":26},"end":{"line":39,"column":53}},"23":{"start":{"line":41,"column":8},"end":{"line":50,"column":11}},"24":{"start":{"line":42,"column":24},"end":{"line":42,"column":25}},"25":{"start":{"line":43,"column":26},"end":{"line":43,"column":253}},"26":{"start":{"line":45,"column":12},"end":{"line":49,"column":15}},"27":{"start":{"line":53,"column":4},"end":{"line":53,"column":29}},"28":{"start":{"line":62,"column":22},"end":{"line":68,"column":1}},"29":{"start":{"line":63,"column":20},"end":{"line":63,"column":64}},"30":{"start":{"line":64,"column":4},"end":{"line":65,"column":18}},"31":{"start":{"line":65,"column":8},"end":{"line":65,"column":18}},"32":{"start":{"line":66,"column":4},"end":{"line":66,"column":84}},"33":{"start":{"line":67,"column":4},"end":{"line":67,"column":44}},"34":{"start":{"line":70,"column":0},"end":{"line":70,"column":41}}},"fnMap":{"0":{"name":"(anonymous_0)","decl":{"start":{"line":8,"column":16},"end":{"line":8,"column":17}},"loc":{"start":{"line":8,"column":28},"end":{"line":54,"column":1}},"line":8},"1":{"name":"(anonymous_1)","decl":{"start":{"line":12,"column":18},"end":{"line":12,"column":19}},"loc":{"start":{"line":12,"column":41},"end":{"line":27,"column":5}},"line":12},"2":{"name":"(anonymous_2)","decl":{"start":{"line":31,"column":18},"end":{"line":31,"column":19}},"loc":{"start":{"line":31,"column":41},"end":{"line":52,"column":5}},"line":31},"3":{"name":"(anonymous_3)","decl":{"start":{"line":41,"column":32},"end":{"line":41,"column":33}},"loc":{"start":{"line":41,"column":51},"end":{"line":50,"column":9}},"line":41},"4":{"name":"(anonymous_4)","decl":{"start":{"line":62,"column":22},"end":{"line":62,"column":23}},"loc":{"start":{"line":62,"column":42},"end":{"line":68,"column":1}},"line":62}},"branchMap":{"0":{"loc":{"start":{"line":13,"column":8},"end":{"line":15,"column":9}},"type":"if","locations":[{"start":{"line":13,"column":8},"end":{"line":15,"column":9}},{"start":{},"end":{}}],"line":13},"1":{"loc":{"start":{"line":32,"column":8},"end":{"line":33,"column":19}},"type":"if","locations":[{"start":{"line":32,"column":8},"end":{"line":33,"column":19}},{"start":{},"end":{}}],"line":32},"2":{"loc":{"start":{"line":64,"column":4},"end":{"line":65,"column":18}},"type":"if","locations":[{"start":{"line":64,"column":4},"end":{"line":65,"column":18}},{"start":{},"end":{}}],"line":64}},"s":{"0":1,"1":1,"2":1,"3":1,"4":1,"5":1,"6":1,"7":0,"8":0,"9":0,"10":0,"11":0,"12":0,"13":0,"14":0,"15":0,"16":0,"17":0,"18":0,"19":0,"20":0,"21":0,"22":0,"23":0,"24":0,"25":0,"26":0,"27":0,"28":1,"29":0,"30":0,"31":0,"32":0,"33":0,"34":1},"f":{"0":0,"1":0,"2":0,"3":0,"4":0},"b":{"0":[0,0],"1":[0,0],"2":[0,0]},"_coverageSchema":"1a1c01bbd47fc00a2c39e90264f33305004495a9","hash":"3cd0ea289fc47d1a662dd8649f8b616eb175f9e7"}
,"/Users/sneha_lall/Desktop/backend-evaluation/src/utils/readData.js": {"path":"/Users/sneha_lall/Desktop/backend-evaluation/src/utils/readData.js","statementMap":{"0":{"start":{"line":1,"column":17},"end":{"line":3,"column":1}},"1":{"start":{"line":2,"column":4},"end":{"line":2,"column":32}},"2":{"start":{"line":5,"column":0},"end":{"line":5,"column":26}}},"fnMap":{"0":{"name":"(anonymous_0)","decl":{"start":{"line":1,"column":17},"end":{"line":1,"column":18}},"loc":{"start":{"line":1,"column":26},"end":{"line":3,"column":1}},"line":1}},"branchMap":{},"s":{"0":1,"1":0,"2":1},"f":{"0":0},"b":{},"_coverageSchema":"1a1c01bbd47fc00a2c39e90264f33305004495a9","hash":"acc5e83f08ed5b72ce9a3760a0fda73e9771f4a7"}
,"/Users/sneha_lall/Desktop/backend-evaluation/src/utils/splitString.js": {"path":"/Users/sneha_lall/Desktop/backend-evaluation/src/utils/splitString.js","statementMap":{"0":{"start":{"line":1,"column":20},"end":{"line":3,"column":1}},"1":{"start":{"line":2,"column":4},"end":{"line":2,"column":27}},"2":{"start":{"line":6,"column":0},"end":{"line":6,"column":29}}},"fnMap":{"0":{"name":"(anonymous_0)","decl":{"start":{"line":1,"column":20},"end":{"line":1,"column":21}},"loc":{"start":{"line":1,"column":30},"end":{"line":3,"column":1}},"line":1}},"branchMap":{},"s":{"0":1,"1":0,"2":1},"f":{"0":0},"b":{},"_coverageSchema":"1a1c01bbd47fc00a2c39e90264f33305004495a9","hash":"535f3c8ed24254fa2327686203753e5081f81009"}
}
