TN:
SF:database/models/company.js
FN:5,(anonymous_0)
FN:12,(anonymous_1)
FNF:2
FNH:2
FNDA:1,(anonymous_0)
FNDA:1,(anonymous_1)
DA:4,1
DA:5,1
DA:14,1
DA:21,1
DA:32,1
LF:5
LH:5
BRF:0
BRH:0
end_of_record
TN:
SF:database/models/index.js
FN:21,(anonymous_0)
FN:29,(anonymous_1)
FN:34,(anonymous_2)
FNF:3
FNH:3
FNDA:3,(anonymous_0)
FNDA:2,(anonymous_1)
FNDA:2,(anonymous_2)
DA:3,1
DA:4,1
DA:5,1
DA:6,1
DA:7,1
DA:8,1
DA:9,1
DA:10,1
DA:13,1
DA:14,0
DA:16,1
DA:19,1
DA:22,3
DA:30,2
DA:31,2
DA:34,1
DA:35,2
DA:36,2
DA:40,1
DA:41,1
DA:43,1
LF:21
LH:20
BRDA:8,0,0,1
BRDA:8,0,1,0
BRDA:13,1,0,0
BRDA:13,1,1,1
BRDA:23,2,0,3
BRDA:23,2,1,3
BRDA:23,2,2,2
BRDA:23,2,3,2
BRDA:35,3,0,2
BRDA:35,3,1,0
BRF:10
BRH:7
end_of_record
TN:
SF:database/models/sector.js
FN:5,(anonymous_0)
FN:12,(anonymous_1)
FNF:2
FNH:2
FNDA:1,(anonymous_0)
FNDA:1,(anonymous_1)
DA:4,1
DA:5,1
DA:14,1
DA:20,1
DA:26,1
LF:5
LH:5
BRF:0
BRH:0
end_of_record
TN:
SF:src/controllers/company.js
FN:3,(anonymous_0)
FN:7,(anonymous_1)
FN:32,(anonymous_2)
FNF:3
FNH:3
FNDA:2,(anonymous_0)
FNDA:1,(anonymous_1)
FNDA:2,(anonymous_2)
DA:1,1
DA:3,1
DA:4,2
DA:5,2
DA:6,2
DA:7,1
DA:9,1
DA:32,1
DA:33,2
DA:34,2
DA:35,1
DA:36,1
DA:37,1
DA:39,1
DA:45,1
LF:15
LH:15
BRF:0
BRH:0
end_of_record
TN:
SF:src/middleware/bodyValidation.js
FN:3,(anonymous_0)
FN:15,(anonymous_1)
FN:27,(anonymous_2)
FNF:3
FNH:3
FNDA:2,(anonymous_0)
FNDA:2,(anonymous_1)
FNDA:2,(anonymous_2)
DA:1,1
DA:3,1
DA:4,2
DA:7,2
DA:8,2
DA:9,1
DA:10,1
DA:12,1
DA:15,1
DA:16,2
DA:19,2
DA:20,2
DA:21,1
DA:22,1
DA:24,1
DA:27,1
DA:28,2
DA:31,2
DA:32,2
DA:33,1
DA:34,1
DA:36,1
DA:41,1
LF:23
LH:23
BRDA:8,0,0,1
BRDA:8,0,1,1
BRDA:20,1,0,1
BRDA:20,1,1,1
BRDA:32,2,0,1
BRDA:32,2,1,1
BRF:6
BRH:6
end_of_record
TN:
SF:src/services/company.js
FN:8,(anonymous_0)
FN:12,(anonymous_1)
FN:31,(anonymous_2)
FN:41,(anonymous_3)
FN:62,(anonymous_4)
FNF:5
FNH:0
FNDA:0,(anonymous_0)
FNDA:0,(anonymous_1)
FNDA:0,(anonymous_2)
FNDA:0,(anonymous_3)
FNDA:0,(anonymous_4)
DA:1,1
DA:2,1
DA:3,1
DA:4,1
DA:5,1
DA:6,1
DA:8,1
DA:9,0
DA:10,0
DA:12,0
DA:13,0
DA:14,0
DA:16,0
DA:17,0
DA:20,0
DA:26,0
DA:31,0
DA:32,0
DA:33,0
DA:34,0
DA:35,0
DA:36,0
DA:39,0
DA:41,0
DA:42,0
DA:43,0
DA:45,0
DA:53,0
DA:62,1
DA:63,0
DA:64,0
DA:65,0
DA:66,0
DA:67,0
DA:70,1
LF:35
LH:9
BRDA:13,0,0,0
BRDA:13,0,1,0
BRDA:32,1,0,0
BRDA:32,1,1,0
BRDA:64,2,0,0
BRDA:64,2,1,0
BRF:6
BRH:0
end_of_record
TN:
SF:src/utils/readData.js
FN:1,(anonymous_0)
FNF:1
FNH:0
FNDA:0,(anonymous_0)
DA:1,1
DA:2,0
DA:5,1
LF:3
LH:2
BRF:0
BRH:0
end_of_record
TN:
SF:src/utils/splitString.js
FN:1,(anonymous_0)
FNF:1
FNH:0
FNDA:0,(anonymous_0)
DA:1,1
DA:2,0
DA:6,1
LF:3
LH:2
BRF:0
BRH:0
end_of_record
